Stopping any running dashboard instance...
Wiping build cache...
Building fresh...

> mission-control@0.1.0 build
> next build

Attention: Next.js now collects completely anonymous telemetry regarding usage.
This information is used to shape Next.js' roadmap and prioritize features.
You can learn more, including how to opt-out if you'd not like to participate in this anonymous program, by visiting the following URL:
https://nextjs.org/telemetry

▲ Next.js 16.2.1 (Turbopack)

  Creating an optimized production build ...

> Build error occurred
Error: Turbopack build failed with 1 errors:
./src/app/globals.css
Error evaluating Node.js code
Error: Cannot find module '@tailwindcss/postcss'
Require stack:
- /home/node/.openclaw/workspace/projects/mission-control/.next/build/chunks/[root-of-the-server]__0d-m0h0._.js
- /home/node/.openclaw/workspace/projects/mission-control/.next/build/chunks/[turbopack]_runtime.js
- /home/node/.openclaw/workspace/projects/mission-control/.next/build/postcss.js
    [at Module._resolveFilename (node:internal/modules/cjs/loader:1456:15)]
    [at defaultResolveImpl (node:internal/modules/cjs/loader:1066:19)]
    [at resolveForCJSWithHooks (node:internal/modules/cjs/loader:1071:22)]
    [at Module._load (node:internal/modules/cjs/loader:1242:25)]
    [at wrapModuleLoad (node:internal/modules/cjs/loader:255:19)]
    [at Module.require (node:internal/modules/cjs/loader:1556:12)]
    [at require (node:internal/modules/helpers:152:16)]
    at require (turbopack:///[turbopack-node]/transforms/postcss.ts:49:25) [/home/node/.openclaw/workspace/projects/mission-control/.next/build/chunks/[root-of-the-server]__0d-m0h0._.js:134:33]
    [at <anonymous>]
    at map (turbopack:///[turbopack-node]/transforms/postcss.ts:43:33) [/home/node/.openclaw/workspace/projects/mission-control/.next/build/chunks/[root-of-the-server]__0d-m0h0._.js:129:35]

Import trace:
  Client Component Browser:
    ./src/app/globals.css [Client Component Browser]
    ./src/app/layout.tsx [Server Component]


    at require (turbopack:///[turbopack-node]/transforms/postcss.ts:49:25) [/home/node/.openclaw/workspace/projects/mission-control/.next/build/chunks/[root-of-the-server]__0d-m0h0._.js:134:33])
    at map (turbopack:///[turbopack-node]/transforms/postcss.ts:43:33) [/home/node/.openclaw/workspace/projects/mission-control/.next/build/chunks/[root-of-the-server]__0d-m0h0._.js:129:35])
Starting up...
Mission Control is already running on port 18790. Use '../../scripts/start-dashboard.sh restart' to force a new instance.
